<?xml version="1.0" encoding="UTF-8"?>
<testsuite xmlns:xsi="http://www.w3.org/2001/XMLSchema-instance" xsi:noNamespaceSchemaLocation="https://maven.apache.org/surefire/maven-surefire-plugin/xsd/surefire-test-report.xsd" version="3.0.2" name="com.fampay.scheduler.service.JobServiceTest" time="0.249" tests="8" errors="0" skipped="0" failures="0">
  <properties>
[...]
</properties>
  <testcase name="testGetExecutions_WithCustomLimit" classname="com.fampay.scheduler.service.JobServiceTest" time="0.225">
    <system-out><![CDATA[2025-11-03T03:57:05.861+05:30  INFO 93303 --- [           main] c.f.scheduler.service.JobServiceImpl     : Getting last 1 executions for job ID: Page request [number: 0, size 5, sort: UNSORTED]
]]></system-out>
  </testcase>
  <testcase name="testGetExecutions_InvalidJobIdFormat" classname="com.fampay.scheduler.service.JobServiceTest" time="0.003">
    <system-out><![CDATA[2025-11-03T03:57:05.871+05:30  INFO 93303 --- [           main] c.f.scheduler.service.JobServiceImpl     : Getting last invalid executions for job ID: Page request [number: 0, size 10, sort: UNSORTED]
]]></system-out>
  </testcase>
  <testcase name="testCreateJobFromSpec_InvalidApi" classname="com.fampay.scheduler.service.JobServiceTest" time="0.002">
    <system-out><![CDATA[2025-11-03T03:57:05.874+05:30  INFO 93303 --- [           main] c.f.scheduler.service.JobServiceImpl     : Creating job from spec: schedule=31 10-15 1 * * MON-FRI, api=, type=ATLEAST_ONCE
]]></system-out>
  </testcase>
  <testcase name="testCreateJobFromSpec_InvalidSchedule" classname="com.fampay.scheduler.service.JobServiceTest" time="0.002">
    <system-out><![CDATA[2025-11-03T03:57:05.875+05:30  INFO 93303 --- [           main] c.f.scheduler.service.JobServiceImpl     : Creating job from spec: schedule=, api=https://localhost:4444/foo, type=ATLEAST_ONCE
]]></system-out>
  </testcase>
  <testcase name="testCreateJobFromSpec_Success" classname="com.fampay.scheduler.service.JobServiceTest" time="0.009">
    <system-out><![CDATA[2025-11-03T03:57:05.880+05:30  INFO 93303 --- [           main] c.f.scheduler.service.JobServiceImpl     : Creating job from spec: schedule=31 10-15 1 * * MON-FRI, api=https://localhost:4444/foo, type=ATLEAST_ONCE
2025-11-03T03:57:05.881+05:30  INFO 93303 --- [           main] c.f.scheduler.service.JobServiceImpl     : Job created with ID: 1
]]></system-out>
  </testcase>
  <testcase name="testCreateJobFromSpec_NullType" classname="com.fampay.scheduler.service.JobServiceTest" time="0.001">
    <system-out><![CDATA[2025-11-03T03:57:05.887+05:30  INFO 93303 --- [           main] c.f.scheduler.service.JobServiceImpl     : Creating job from spec: schedule=31 10-15 1 * * MON-FRI, api=https://localhost:4444/foo, type=null
]]></system-out>
  </testcase>
  <testcase name="testGetExecutions_JobNotFound" classname="com.fampay.scheduler.service.JobServiceTest" time="0.001">
    <system-out><![CDATA[2025-11-03T03:57:05.889+05:30  INFO 93303 --- [           main] c.f.scheduler.service.JobServiceImpl     : Getting last 1 executions for job ID: Page request [number: 0, size 10, sort: UNSORTED]
]]></system-out>
  </testcase>
  <testcase name="testGetExecutions_Success" classname="com.fampay.scheduler.service.JobServiceTest" time="0.001">
    <system-out><![CDATA[2025-11-03T03:57:05.891+05:30  INFO 93303 --- [           main] c.f.scheduler.service.JobServiceImpl     : Getting last 1 executions for job ID: Page request [number: 0, size 10, sort: UNSORTED]
]]></system-out>
  </testcase>
</testsuite>